// 同步 ID: 6b2da0c7 @ Thu May 28 21:28:54 UTC 2026
// 同步 ID: b5d06e9c @ Sun May 31 09:06:57 UTC 2026
// 重构日志: 91a3dd7c
// 重构日志: 3c142c61
// 重构日志: 0061e26d
// 重构日志: c3a68f65
// 同步 ID: a74deeab @ Wed Jun 10 21:50:21 UTC 2026
// 重构日志: c3c26bc0
// 同步 ID: cd66cd09 @ Sat Jun 13 10:47:47 UTC 2026
// 重构日志: 43b54cd3
// 同步 ID: 42bde7d5 @ Tue Jun 16 18:07:50 UTC 2026
// 重构日志: bf95dfe1
// 重构日志: e5cfcc0f
// 同步 ID: 08e3808f @ Mon Jun 22 17:56:04 UTC 2026
// 重构日志: bac28ac6
// 重构日志: e62010d0
// 重构日志: 77617716
// 同步 ID: e8ef61f2 @ Fri Jun 26 10:12:57 UTC 2026
// 同步 ID: 527bffec @ Sat Jun 27 06:06:39 UTC 2026
// 重构日志: bc6895c5
// 重构日志: 75d22c46
// 重构日志: a5795774
// 重构日志: 4208cabe
// 重构日志: 1ae1357a
// 重构日志: 8ba0b73e
// 重构日志: c6edf968
// 重构日志: fc9ddb87
// 同步 ID: a658c173 @ Tue Jun 30 17:11:03 UTC 2026
// 同步 ID: a3d54f8c @ Thu Jul  2 14:04:41 UTC 2026
// 同步 ID: c41b065f @ Thu Jul  2 19:23:02 UTC 2026
